events: Hits

fl=(1) /build/glibc-vjB4T1/glibc-2.28/csu/../csu/libc-start.c
fn=(1) __libc_start_main
cfl=??
cfn=(2) main
calls=8693 0
308 8693

fl=(2) /build/glibc-vjB4T1/glibc-2.28/debug/snprintf_chk.c
fn=(3) ___snprintf_chk
cfl=(3) /build/glibc-vjB4T1/glibc-2.28/debug/vsnprintf_chk.c
cfn=(4) ___vsnprintf_chk
calls=3 63
34 3

fl=(4) /build/glibc-vjB4T1/glibc-2.28/debug/sprintf_chk.c
fn=(5) ___sprintf_chk
cfl=(5) /build/glibc-vjB4T1/glibc-2.28/debug/vsprintf_chk.c
cfn=(6) ___vsprintf_chk
calls=1 83
31 1

fl=(3)
fn=(4)
cfl=(6) /build/glibc-vjB4T1/glibc-2.28/stdio-common/vfprintf.c
cfn=(7) _IO_vfprintf_internal
calls=3 1683
63 3

fl=(5)
fn=(6)
cfl=(7) /build/glibc-vjB4T1/glibc-2.28/stdio-common/printf-parse.h
cfn=(8) __find_specmb
calls=1 108
83 1

fl=(8) /build/glibc-vjB4T1/glibc-2.28/elf/../elf/dl-runtime.c
fn=(9) _dl_fixup
75 5

fl=(8)
fn=(9)
84 1

fl=(8)
fn=(9)
cfl=(9) /build/glibc-vjB4T1/glibc-2.28/elf/dl-lookup.c
cfn=(10) _dl_lookup_symbol_x
calls=5 814
112 5

fl=(10) /build/glibc-vjB4T1/glibc-2.28/elf/../sysdeps/x86_64/dl-trampoline.h
fn=(11) _dl_find_dso_for_object
cfl=(8)
cfn=(9)
calls=5 75
126 5

fl=(10)
fn=(11)
cfl=(8)
cfn=(9)
calls=1 84
126 1

fl=(10)
fn=(11)
cfl=(8)
cfn=(9)
calls=5 112
126 5

fl=(10)
fn=(11)
136 1

fl=(9)
fn=(12) check_match
75 1

fl=(9)
fn=(13) do_lookup_unique
302 3

fl=(9)
fn=(14) do_lookup_x
380 1

fl=(9)
fn=(14)
cfl=(9)
cfn=(12)
calls=1 75
407 1

fl=(9)
fn=(10)
cfl=(9)
cfn=(13)
calls=3 302
814 3

fl=(9)
fn=(10)
cfl=(9)
cfn=(14)
calls=1 407
814 1

fl=(9)
fn=(10)
cfl=(9)
cfn=(14)
calls=1 380
814 1

fl=(11) /build/glibc-vjB4T1/glibc-2.28/io/../sysdeps/unix/syscall-template.S
fn=(15) __statfs
78 1

fl=(12) /build/glibc-vjB4T1/glibc-2.28/io/../sysdeps/unix/sysv/linux/close.c
fn=(16) __GI___close
27 8

fl=(13) /build/glibc-vjB4T1/glibc-2.28/io/../sysdeps/unix/sysv/linux/close_nocancel.c
fn=(17) __GI___close_nocancel
26 2

fl=(14) /build/glibc-vjB4T1/glibc-2.28/io/../sysdeps/unix/sysv/linux/getcwd.c
fn=(18) __getcwd
78 1

fl=(15) /build/glibc-vjB4T1/glibc-2.28/io/../sysdeps/unix/sysv/linux/open64.c
fn=(19) __libc_open64
48 5

fl=(16) /build/glibc-vjB4T1/glibc-2.28/io/../sysdeps/unix/sysv/linux/openat64.c
fn=(20) __libc_openat64
45 13

fl=(17) /build/glibc-vjB4T1/glibc-2.28/io/../sysdeps/unix/sysv/linux/read.c
fn=(21) __GI___libc_read
26 18

fl=(18) /build/glibc-vjB4T1/glibc-2.28/io/../sysdeps/unix/sysv/linux/read_nocancel.c
fn=(22) __GI___read_nocancel
26 1

fl=(19) /build/glibc-vjB4T1/glibc-2.28/io/../sysdeps/unix/sysv/linux/wordsize-64/fxstat.c
fn=(23) __GI___fxstat
35 1

fl=(20) /build/glibc-vjB4T1/glibc-2.28/io/../sysdeps/unix/sysv/linux/wordsize-64/fxstatat.c
fn=(24) __GI___fxstatat
43 1

fl=(21) /build/glibc-vjB4T1/glibc-2.28/libio/filedoalloc.c
fn=(25) __GI__IO_file_doallocate
cfl=(19)
cfn=(23)
calls=1 35
84 1

fl=(22) /build/glibc-vjB4T1/glibc-2.28/libio/fileops.c
fn=(26) _IO_new_file_close_it
cfl=(13)
cfn=(17)
calls=2 26
143 2

fl=(22)
fn=(27) __GI__IO_file_open
cfl=(15)
cfn=(19)
calls=2 48
189 2

fl=(22)
fn=(28) _IO_new_file_fopen
cfl=(22)
cfn=(27)
calls=2 189
281 2

fl=(22)
fn=(29) _IO_new_file_underflow
cfl=(23) /build/glibc-vjB4T1/glibc-2.28/libio/genops.c
cfn=(30) __GI__IO_doallocbuf
calls=1 347
493 1

fl=(22)
fn=(29)
cfl=(18)
cfn=(22)
calls=1 26
524 1

fl=(22)
fn=(29)
cfl=(17)
cfn=(21)
calls=2 26
524 2

fl=(22)
fn=(31) _IO_new_file_xsputn
1275 1

fl=(23)
fn=(30)
cfl=(21)
cfn=(25)
calls=1 84
347 1

fl=(23)
fn=(32) __GI__IO_default_uflow
cfl=(22)
cfn=(29)
calls=3 524
362 3

fl=(23)
fn=(32)
cfl=(22)
cfn=(29)
calls=1 493
362 1

fl=(23)
fn=(33) _IO_no_init
563 2

fl=(24) /build/glibc-vjB4T1/glibc-2.28/libio/iofclose.c
fn=(34) _IO_new_fclose
cfl=(22)
cfn=(26)
calls=2 143
53 2

fl=(25) /build/glibc-vjB4T1/glibc-2.28/libio/iofgets.c
fn=(35) _IO_fgets
cfl=(26) /build/glibc-vjB4T1/glibc-2.28/libio/iogetline.c
cfn=(36) __GI__IO_getline_info
calls=3 60
53 3

fl=(27) /build/glibc-vjB4T1/glibc-2.28/libio/iofgets_u.c
fn=(37) __GI___fgets_unlocked
cfl=(26)
cfn=(36)
calls=1 60
52 1

fl=(28) /build/glibc-vjB4T1/glibc-2.28/libio/iofopen.c
fn=(38) __fopen_internal
cfl=(22)
cfn=(28)
calls=2 281
75 2

fl=(26)
fn=(36)
cfl=(23)
cfn=(32)
calls=4 362
60 4

fl=(29) /build/glibc-vjB4T1/glibc-2.28/libio/vsnprintf.c
fn=(39) _IO_vsnprintf
cfl=(23)
cfn=(33)
calls=2 563
110 2

fl=(30) /build/glibc-vjB4T1/glibc-2.28/malloc/malloc.c
fn=(40) sysmalloc
cfl=(31) /build/glibc-vjB4T1/glibc-2.28/misc/../sysdeps/unix/sysv/linux/mmap64.c
cfn=(41) __GI___mmap64
calls=2 52
2313 2

fl=(30)
fn=(40)
2345 4

fl=(30)
fn=(42) __GI___libc_malloc
cfl=(30)
cfn=(43) _int_malloc
calls=6 4108
3049 6

fl=(30)
fn=(42)
cfl=(30)
cfn=(43)
calls=1 4054
3049 1

fl=(30)
fn=(42)
cfl=(30)
cfn=(43)
calls=4 3762
3049 4

fl=(30)
fn=(42)
cfl=(30)
cfn=(43)
calls=6 4133
3049 6

fl=(30)
fn=(43)
3762 4

fl=(30)
fn=(43)
4054 1

fl=(30)
fn=(43)
4108 6

fl=(30)
fn=(43)
cfl=(30)
cfn=(40)
calls=4 2345
4133 4

fl=(30)
fn=(43)
cfl=(30)
cfn=(40)
calls=2 2313
4133 2

fl=(30)
fn=(44) _int_free
4147 1

fl=(30)
fn=(44)
4325 1

fl=(30)
fn=(44)
cfl=(30)
cfn=(45) malloc_consolidate
calls=2 4509
4392 2

fl=(30)
fn=(45)
4509 2

fl=(32) /build/glibc-vjB4T1/glibc-2.28/misc/../sysdeps/unix/syscall-template.S
fn=(46) __munmap
78 4

fl=(33) /build/glibc-vjB4T1/glibc-2.28/misc/../sysdeps/unix/sysv/linux/ftruncate64.c
fn=(47) __ftruncate64
30 1

fl=(31)
fn=(41)
52 2

fl=(34) /build/glibc-vjB4T1/glibc-2.28/misc/mntent_r.c
fn=(48) __GI___getmntent_r
cfl=(27)
cfn=(37)
calls=1 52
130 1

fl=(35) /build/glibc-vjB4T1/glibc-2.28/posix/../sysdeps/unix/sysv/linux/pread64.c
fn=(49) __libc_pread64
29 2513

fl=(35)
fn=(49)
30 4

fl=(36) /build/glibc-vjB4T1/glibc-2.28/posix/../sysdeps/unix/sysv/linux/pwrite64.c
fn=(50) __libc_pwrite64
29 4602

fl=(36)
fn=(50)
30 2

fl=(37) /build/glibc-vjB4T1/glibc-2.28/rt/../sysdeps/unix/clock_gettime.c
fn=(51) __GI___clock_gettime
93 2

fl=(37)
fn=(51)
cfl=??
cfn=(52) 0x00007ffe243c78e4
calls=1 0
115 1

fl=(37)
fn=(51)
115 4

fl=(37)
fn=(51)
cfl=??
cfn=(53) 0x00007ffe243c7802
calls=6 0
115 6

fl=(37)
fn=(51)
cfl=??
cfn=(54) 0x00007ffe243c7818
calls=13 0
115 13

fl=(37)
fn=(51)
cfl=??
cfn=(55) 0x00007ffe243c77c0
calls=5 0
115 5

fl=(37)
fn=(51)
cfl=??
cfn=(56) 0x00007ffe243c7810
calls=2 0
115 2

fl=(37)
fn=(51)
cfl=??
cfn=(57) 0x00007ffe243c78ed
calls=1 0
115 1

fl=(37)
fn=(51)
134 4

fl=(7)
fn=(8)
cfl=(38) /build/glibc-vjB4T1/glibc-2.28/string/../sysdeps/x86_64/multiarch/strchr-avx2.S
cfn=(58) __nss_passwd_lookup
calls=1 45
108 1

fl=(39) /build/glibc-vjB4T1/glibc-2.28/stdio-common/printf.c
fn=(59) __printf
cfl=(6)
cfn=(7)
calls=1 1296
33 1

fl=(40) /build/glibc-vjB4T1/glibc-2.28/stdio-common/snprintf.c
fn=(60) __GI___snprintf
cfl=(29)
cfn=(39)
calls=2 110
33 2

fl=(6)
fn=(7)
cfl=(6)
cfn=(61) buffered_vfprintf
calls=1 2343
1296 1

fl=(6)
fn=(7)
cfl=(6)
cfn=(62) printf_positional
calls=1 2015
1683 1

fl=(6)
fn=(7)
cfl=(6)
cfn=(62)
calls=2 1744
1683 2

fl=(6)
fn=(62)
1744 2

fl=(6)
fn=(62)
2015 1

fl=(6)
fn=(61)
cfl=(22)
cfn=(31)
calls=1 1275
2343 1

fl=(41) /build/glibc-vjB4T1/glibc-2.28/string/../sysdeps/x86_64/multiarch/memmove-vec-unaligned-erms.S
fn=(58)
226 3

fl=(41)
fn=(58)
234 1

fl=(41)
fn=(58)
239 2

fl=(41)
fn=(58)
241 1

fl=(41)
fn=(58)
277 2

fl=(41)
fn=(58)
304 1

fl=(41)
fn=(58)
308 1

fl=(41)
fn=(58)
312 2

fl=(41)
fn=(58)
320 1

fl=(42) /build/glibc-vjB4T1/glibc-2.28/string/../sysdeps/x86_64/multiarch/memset-vec-unaligned-erms.S
fn=(58)
151 21

fl=(42)
fn=(58)
168 1

fl=(42)
fn=(58)
175 1

fl=(42)
fn=(58)
199 3

fl=(42)
fn=(58)
200 1

fl=(42)
fn=(58)
201 1

fl=(42)
fn=(58)
209 1

fl=(42)
fn=(58)
216 1

fl=(42)
fn=(58)
217 2

fl=(42)
fn=(58)
218 1

fl=(42)
fn=(58)
219 1

fl=(38)
fn=(58)
45 1

fl=(43) /build/glibc-vjB4T1/glibc-2.28/string/../sysdeps/x86_64/multiarch/strcmp-avx2.S
fn=(58)
92 2

fl=(43)
fn=(58)
97 2

fl=(43)
fn=(58)
101 1

fl=(43)
fn=(58)
102 23

fl=(43)
fn=(58)
103 2

fl=(43)
fn=(58)
105 3

fl=(43)
fn=(58)
126 1

fl=(43)
fn=(58)
127 3

fl=(43)
fn=(58)
131 2

fl=(43)
fn=(58)
702 2

fl=(43)
fn=(58)
723 1

fl=(43)
fn=(58)
737 3

fl=??
fn=(2)
cfl=??
cfn=(63) MPI_Finalize
calls=7 0
0 7

fl=??
fn=(64) H5Dread
cfl=??
cfn=(65) H5CX_pop
calls=57 0
0 57

fl=??
fn=(66) MPL_shm_seg_remove
cfl=(34)
cfn=(48)
calls=1 130
0 1

fl=??
fn=(67) PMPI_File_close
cfl=??
cfn=(68) MPI_File_write_shared
calls=5 0
0 5

fl=??
fn=(66)
cfl=(30)
cfn=(42)
calls=1 3049
0 1

fl=??
fn=(69) H5Sselect_hyperslab
cfl=(44) H5Shyper.c
cfn=(70) H5S_select_hyperslab.localalias.29
calls=46 0
0 46

fl=??
fn=(71) H5Sclose
cfl=??
cfn=(72) H5I_dec_app_ref
calls=56 0
0 56

fl=??
fn=(73) H5AC_tag
0 8

fl=??
fn=(64)
0 3

fl=??
fn=(74) H5D__read
cfl=??
cfn=(75) H5S_get_simple_extent_ndims
calls=1 0
0 1

fl=??
fn=(76) H5S_select_construct_projection
cfl=(41)
cfn=(58)
calls=1 226
0 1

fl=??
fn=(77) H5Sselect_none
cfl=??
cfn=(78) _init
calls=2 0
0 2

fl=??
fn=(79) MPIR_Dup_fn
cfl=??
cfn=(79)
calls=4 0
0 4

fl=??
fn=(80) H5VL_file_close
cfl=??
cfn=(81) H5VL__native_file_close
calls=9 0
0 9

fl=??
fn=(63)
cfl=??
cfn=(82) PMPI_T_pvar_get_index
calls=4 0
0 4

fl=??
fn=(83) H5G__stab_create_components
cfl=??
cfn=(84) H5HL_protect
calls=1 0
0 1

fl=??
fn=(74)
cfl=??
cfn=(85) H5S_get_select_npoints
calls=1 0
0 1

fl=??
fn=(68)
cfl=??
cfn=(68)
calls=21 0
0 21

fl=??
fn=(86) H5I_dec_ref
cfl=??
cfn=(87) H5S_close
calls=9 0
0 9

fl=??
fn=(88) H5VL_set_vol_wrapper
cfl=??
cfn=(89) H5CX_get_vol_wrap_ctx
calls=2 0
0 2

fl=??
fn=(90) H5FL_arr_malloc
0 11

fl=??
fn=(91) H5Dget_space
cfl=??
cfn=(65)
calls=3 0
0 3

fl=??
fn=(91)
cfl=??
cfn=(92) H5VL_dataset_get
calls=110 0
0 110

fl=??
fn=H5T
0 1

fl=??
fn=(93) H5P_isa_class
cfl=??
cfn=(94) H5I_object_verify
calls=8 0
0 8

fl=??
fn=(85)
0 2

fl=??
fn=(95) MPI_Status_set_elements_x
cfl=??
cfn=(96) PMPI_Status_set_elements
calls=1 0
0 1

fl=??
fn=(69)
cfl=??
cfn=(65)
calls=3 0
0 3

fl=??
fn=(91)
cfl=??
cfn=(97) H5E_clear_stack
calls=3 0
0 3

fl=??
fn=(2)
cfl=??
cfn=(98) PMPI_Init
calls=81 0
0 81

fl=??
fn=(99) H5VL__native_dataset_write
cfl=??
cfn=(100) H5D__write
calls=5085 0
0 5085

fl=??
fn=(101) H5Pset_fapl_mpio
cfl=??
cfn=(102) H5P_set
calls=5 0
0 5

fl=??
fn=(2)
cfl=??
cfn=(64)
calls=2924 0
0 2924

fl=??
fn=(103) H5MF_xfree
cfl=??
cfn=(104) H5MF__sect_new
calls=3 0
0 3

fl=??
fn=(73)
cfl=??
cfn=(105) H5CX_get_tag
calls=2 0
0 2

fl=??
fn=(106) H5SL_search
0 121

fl=??
fn=(107) H5F__dest
cfl=??
cfn=(108) H5FD_close
calls=5 0
0 5

fl=??
fn=(109) H5D__mpio_opt_possible
cfl=??
cfn=(78)
calls=3 0
0 3

fl=??
fn=(110) H5VL_dataset_write
cfl=??
cfn=(78)
calls=2 0
0 2

fl=??
fn=(92)
cfl=??
cfn=(111) H5VL_reset_vol_wrapper
calls=5 0
0 5

fl=??
fn=(100)
cfl=??
cfn=(112) H5S_has_extent
calls=4 0
0 4

fl=??
fn=(76)
cfl=??
cfn=(113) H5VM_array_fill
calls=14 0
0 14

fl=??
fn=(114) H5Dwrite
cfl=??
cfn=(65)
calls=71 0
0 71

fl=??
fn=(77)
0 6

fl=??
fn=(115) H5S_get_validated_dataspace
0 3

fl=??
fn=(76)
cfl=??
cfn=(116) H5S_create_simple
calls=41 0
0 41

fl=??
fn=(117) H5S__extent_release
0 3

fl=??
fn=(106)
cfl=(43)
cfn=(58)
calls=2 131
0 2

fl=??
fn=(118) H5_hash_string
0 48

fl=??
fn=(119) H5PB_read
cfl=??
cfn=(120) H5F__accum_read
calls=2577 0
0 2577

fl=??
fn=(76)
cfl=(41)
cfn=(58)
calls=1 308
0 1

fl=??
fn=(110)
cfl=??
cfn=(111)
calls=16 0
0 16

fl=??
fn=(121) mpirinitf_
cfl=(2)
cfn=(3)
calls=2 34
0 2

fl=??
fn=(68)
cfl=(11)
cfn=(15)
calls=1 78
0 1

fl=??
fn=(122) H5_mpi_comm_dup
cfl=??
cfn=(123) PMPI_Comm_dup
calls=4 0
0 4

fl=??
fn=(124) H5S_select_iter_init
cfl=(41)
cfn=(58)
calls=1 239
0 1

fl=??
fn=(125) H5P_close
cfl=??
cfn=(126) H5SL_create
calls=1 0
0 1

fl=??
fn=(127) H5CX_get_data_transform
0 4

fl=??
fn=(68)
cfl=??
cfn=(128) PMPI_Attr_delete
calls=7 0
0 7

fl=??
fn=(100)
cfl=??
cfn=(129) H5F_get_shared
calls=2 0
0 2

fl=??
fn=(130) H5FD_write
0 3

fl=??
fn=(131) H5VL_dataset_create
cfl=??
cfn=(132) H5VL__native_dataset_create
calls=2 0
0 2

fl=??
fn=(86)
cfl=(45) H5T.c
cfn=(133) H5T__close_cb
calls=1 0
0 1

fl=??
fn=(66)
cfl=??
cfn=(66)
calls=94 0
0 94

fl=??
fn=(106)
cfl=(43)
cfn=(58)
calls=2 92
0 2

fl=??
fn=(124)
cfl=??
cfn=(134) H5MM_memcpy
calls=1 0
0 1

fl=??
fn=(99)
0 6

fl=??
fn=(135) H5FL_reg_calloc
0 10

fl=??
fn=(68)
cfl=??
cfn=(136) MPI_Type_get_true_extent
calls=12 0
0 12

fl=??
fn=(92)
cfl=??
cfn=(88)
calls=12 0
0 12

fl=??
fn=(63)
cfl=??
cfn=(121)
calls=1 0
0 1

fl=??
fn=(68)
cfl=??
cfn=(137) MPI_Gather
calls=1 0
0 1

fl=??
fn=(138) H5Dcreate2
cfl=??
cfn=(131)
calls=2 0
0 2

fl=??
fn=(54)
0 13

fl=??
fn=(139) H5FD_read
0 1

fl=??
fn=(140) MPI_Comm_create_group
cfl=??
cfn=(79)
calls=4 0
0 4

fl=??
fn=(141) H5VM_opvv
cfl=(46) H5Dcontig.c
cfn=(142) H5D__contig_writevv_cb
calls=4703 0
0 4703

fl=??
fn=(143) H5FD_mpi_get_comm
cfl=(47) H5FDmpio.c
cfn=(144) H5FD__mpio_communicator
calls=5 0
0 5

fl=??
fn=(145) H5_init_library
cfl=??
cfn=(146) H5T_init
calls=6 0
0 6

fl=??
fn=(109)
cfl=??
cfn=(147) H5CX_set_mpio_global_no_coll_cause
calls=5 0
0 5

fl=??
fn=(109)
cfl=??
cfn=(148) H5CX_get_io_xfer_mode
calls=4 0
0 4

fl=??
fn=(64)
cfl=??
cfn=(149) H5VL_dataset_read
calls=2853 0
0 2853

fl=??
fn=(88)
cfl=??
cfn=(150) H5FL_reg_malloc
calls=1 0
0 1

fl=??
fn=(151) H5P_get
cfl=(48) H5Pint.c
cfn=(152) H5P__get_cb
calls=5 0
0 5

fl=??
fn=(153) H5S__extent_copy_real
cfl=??
cfn=(90)
calls=6 0
0 6

fl=??
fn=(149)
cfl=??
cfn=(88)
calls=3 0
0 3

fl=??
fn=(154) H5S_select_iter_get_seq_list
cfl=(44)
cfn=(155) H5S__hyper_iter_get_seq_list_single
calls=15 0
0 15

fl=??
fn=(145)
cfl=??
cfn=(156) H5P_init
calls=6 0
0 6

fl=??
fn=(157) H5P_peek
cfl=(41)
cfn=(58)
calls=1 226
0 1

fl=??
fn=(102)
cfl=(41)
cfn=(58)
calls=1 277
0 1

fl=??
fn=(98)
cfl=??
cfn=(158) PMPI_T_finalize
calls=4 0
0 4

fl=??
fn=(159) H5F__super_read
0 1

fl=??
fn=(135)
cfl=(42)
cfn=(58)
calls=21 151
0 21

fl=??
fn=(160) H5FL_seq_free
cfl=??
cfn=(78)
calls=1 0
0 1

fl=??
fn=(161) H5S_get_select_type
0 2

fl=??
fn=(162) H5S_get_simple_extent_dims
0 4

fl=??
fn=(98)
cfl=??
cfn=(163) PMPI_Initialized
calls=77 0
0 77

fl=??
fn=(128)
0 9

fl=??
fn=(164) H5Fclose
cfl=??
cfn=(72)
calls=9 0
0 9

fl=??
fn=(72)
cfl=??
cfn=(86)
calls=62 0
0 62

fl=??
fn=(165) H5F_shared_block_read
0 2

fl=??
fn=(166) PMPI_File_read_at_all_end
cfl=??
cfn=(68)
calls=2543 0
0 2543

fl=??
fn=(167) H5Fopen
cfl=??
cfn=(168) H5VL_file_open
calls=11 0
0 11

fl=??
fn=(169) H5D__select_write
cfl=(49) H5Dselect.c
cfn=(170) H5D__select_io
calls=4804 0
0 4804

fl=??
fn=(88)
cfl=??
cfn=(171) H5CX_set_vol_wrap_ctx
calls=1 0
0 1

fl=??
fn=(87)
cfl=??
cfn=(172) H5FL_reg_free
calls=3 0
0 3

fl=??
fn=(72)
cfl=??
cfn=(78)
calls=2 0
0 2

fl=??
fn=(173) H5FL_blk_free
0 13

fl=??
fn=(174) H5G_traverse
cfl=(50) H5Gtraverse.c
cfn=(175) H5G__traverse_real.isra.0
calls=2 0
0 2

fl=??
fn=(176) H5F_shared_block_write
cfl=??
cfn=(177) H5PB_write
calls=4696 0
0 4696

fl=??
fn=(178) H5CX_set_mpio_actual_chunk_opt
0 3

fl=??
fn=(100)
cfl=??
cfn=(172)
calls=4 0
0 4

fl=??
fn=(120)
cfl=??
cfn=(139)
calls=2574 0
0 2574

fl=??
fn=(153)
cfl=??
cfn=(78)
calls=1 0
0 1

fl=??
fn=(106)
cfl=(43)
cfn=(58)
calls=3 127
0 3

fl=??
fn=(179) H5A_init
cfl=(10)
cfn=(11)
calls=3 126
0 3

fl=??
fn=(180) H5Z_xform_noop
0 1

fl=??
fn=(116)
cfl=??
cfn=(181) H5S_create
calls=22 0
0 22

fl=??
fn=(182) H5Screate_simple
cfl=??
cfn=(145)
calls=18 0
0 18

fl=??
fn=(109)
cfl=??
cfn=(161)
calls=2 0
0 2

fl=??
fn=(183) PMPI_Type_size_x
cfl=??
cfn=(184) MPI_Type_size
calls=1 0
0 1

fl=??
fn=(185) MPI_Allgatherv
cfl=??
cfn=(79)
calls=4 0
0 4

fl=??
fn=(186) H5VL__native_dataset_read
cfl=??
cfn=(74)
calls=2828 0
0 2828

fl=??
fn=(187) H5D__select_read
cfl=(49)
cfn=(170)
calls=2659 0
0 2659

fl=??
fn=(64)
cfl=??
cfn=(93)
calls=6 0
0 6

fl=??
fn=(157)
cfl=??
cfn=(106)
calls=69 0
0 69

fl=??
fn=(120)
0 3

fl=??
fn=(188) H5SL_iterate
cfl=(51) H5I.c
cfn=(189) H5I__iterate_cb
calls=1 0
0 1

fl=??
fn=(102)
cfl=(52) H5Pfapl.c
cfn=(190) H5P__facc_mpi_comm_set
calls=4 0
0 4

fl=??
fn=(191) H5D__get_space
cfl=??
cfn=(192) H5I_register
calls=34 0
0 34

fl=??
fn=(151)
cfl=??
cfn=(106)
calls=39 0
0 39

fl=??
fn=(135)
cfl=??
cfn=(78)
calls=1 0
0 1

fl=??
fn=(109)
0 7

fl=??
fn=(110)
0 1

fl=??
fn=(139)
cfl=(47)
cfn=(193) H5FD__mpio_get_eoa
calls=2 0
0 2

fl=??
fn=(76)
0 10

fl=??
fn=(194) H5T_close_real
0 1

fl=??
fn=(143)
0 3

fl=??
fn=(100)
cfl=??
cfn=(135)
calls=8 0
0 8

fl=??
fn=(195) H5C_create
cfl=??
cfn=(135)
calls=8 0
0 8

fl=??
fn=(196) H5MM_xfree
cfl=(30)
cfn=(44)
calls=1 4147
0 1

fl=??
fn=(197) H5F_open
cfl=??
cfn=(198) H5FD_open
calls=6 0
0 6

fl=??
fn=(165)
cfl=??
cfn=(119)
calls=2582 0
0 2582

fl=??
fn=(108)
cfl=(47)
cfn=(199) H5FD__mpio_close
calls=5 0
0 5

fl=??
fn=(68)
cfl=(33)
cfn=(47)
calls=1 30
0 1

fl=??
fn=(198)
cfl=(53) H5FDsec2.c
cfn=(200) H5FD_sec2_open
calls=1 0
0 1

fl=??
fn=(186)
0 1

fl=??
fn=(114)
0 3

fl=??
fn=(106)
cfl=(43)
cfn=(58)
calls=1 126
0 1

fl=??
fn=(88)
cfl=??
cfn=(78)
calls=1 0
0 1

fl=??
fn=(201) H5E_init
cfl=??
cfn=(202) H5E__init_package
calls=3 0
0 3

fl=??
fn=(203) create_selection
0 13

fl=??
fn=(68)
cfl=(36)
cfn=(50)
calls=4602 29
0 4602

fl=??
fn=(184)
0 1

fl=??
fn=(204) H5SL_insert
cfl=(54) H5SL.c
cfn=(205) H5SL_insert_common
calls=26 0
0 26

fl=??
fn=(97)
0 10

fl=??
fn=(206) MPI_Get_elements
cfl=??
cfn=(206)
calls=1 0
0 1

fl=??
fn=(113)
cfl=(41)
cfn=(58)
calls=2 312
0 2

fl=??
fn=(207) MPIR_Err_create_code
cfl=(30)
cfn=(44)
calls=2 4392
0 2

fl=??
fn=(104)
0 3

fl=??
fn=(169)
0 1

fl=??
fn=(75)
0 8

fl=??
fn=(113)
cfl=??
cfn=(78)
calls=4 0
0 4

fl=??
fn=(99)
cfl=??
cfn=(115)
calls=18 0
0 18

fl=??
fn=(65)
cfl=??
cfn=(78)
calls=1 0
0 1

fl=??
fn=(208) H5F_get_vol_obj
0 2

fl=??
fn=(74)
cfl=(55) H5Dio.c
cfn=(209) H5D__typeinfo_init
calls=48 0
0 48

fl=??
fn=(210) H5FL_blk_malloc
0 5

fl=??
fn=(211) H5T_path_find
0 1

fl=??
fn=(212) H5S_copy
0 2

fl=??
fn=(106)
cfl=??
cfn=(118)
calls=48 0
0 48

fl=??
fn=(213) H5O_msg_reset_share
0 4

fl=??
fn=(68)
cfl=??
cfn=(183)
calls=3 0
0 3

fl=??
fn=(76)
cfl=??
cfn=(134)
calls=1 0
0 1

fl=??
fn=(214) H5VL_init_phase2
cfl=??
cfn=(179)
calls=3 0
0 3

fl=??
fn=(215) H5VL_file_create
cfl=??
cfn=(216) H5VL__native_file_create
calls=8 0
0 8

fl=??
fn=(217) H5S_select_copy
0 17

fl=??
fn=(121)
cfl=??
cfn=(121)
calls=54 0
0 54

fl=??
fn=(218) MPI_Wtime
cfl=??
cfn=(219) MPL_wtime_todouble
calls=8 0
0 8

fl=??
fn=(99)
cfl=??
cfn=(78)
calls=1 0
0 1

fl=??
fn=(117)
cfl=??
cfn=(220) H5FL_arr_free
calls=13 0
0 13

fl=??
fn=(65)
0 1

fl=??
fn=(221) H5T_close
cfl=??
cfn=(194)
calls=1 0
0 1

fl=??
fn=(222) H5MF_free_aggrs
cfl=(56) H5MFaggr.c
cfn=(223) H5MF__aggr_reset
calls=3 0
0 3

fl=??
fn=(66)
cfl=(24)
cfn=(34)
calls=2 53
0 2

fl=??
fn=(121)
cfl=??
cfn=(79)
calls=1 0
0 1

fl=??
fn=(94)
cfl=??
cfn=(78)
calls=3 0
0 3

fl=??
fn=(224) H5F_shared_has_feature
0 1

fl=??
fn=(86)
cfl=(57) H5F.c
cfn=(225) H5F__close_cb
calls=9 0
0 9

fl=??
fn=(136)
0 12

fl=??
fn=(226) H5D__contig_read
0 4

fl=??
fn=(227) MPL_wtime
cfl=(37)
cfn=(51)
calls=2 93
0 2

fl=??
fn=(66)
cfl=(12)
cfn=(16)
calls=4 27
0 4

fl=??
fn=(68)
cfl=??
cfn=(95)
calls=9 0
0 9

fl=??
fn=(95)
0 8

fl=??
fn=(100)
cfl=??
cfn=(178)
calls=2 0
0 2

fl=??
fn=(228) H5CX_push
0 19

fl=??
fn=(229) H5S_select_none
0 4

fl=??
fn=(135)
cfl=(42)
cfn=(58)
calls=1 175
0 1

fl=??
fn=(230) MPII_Grequest_set_lang_f77
cfl=??
cfn=(121)
calls=3 0
0 3

fl=??
fn=(119)
0 5

fl=??
fn=(74)
cfl=??
cfn=(231) H5CX_set_mpio_actual_io_mode
calls=2 0
0 2

fl=??
fn=(197)
cfl=(58) H5Fint.c
cfn=(232) H5F__new
calls=9 0
0 9

fl=??
fn=(81)
cfl=??
cfn=(233) H5F__close
calls=9 0
0 9

fl=??
fn=(88)
0 12

fl=??
fn=(177)
0 4

fl=??
fn=(86)
cfl=(59) H5Dint.c
cfn=(234) H5D__close_cb
calls=1 0
0 1

fl=??
fn=(153)
0 12

fl=??
fn=(102)
0 12

fl=??
fn=(79)
cfl=??
cfn=(235) MPI_Type_get_extent_x
calls=4 0
0 4

fl=??
fn=(93)
cfl=??
cfn=(236) H5P_class_isa
calls=6 0
0 6

fl=??
fn=(237) H5F_has_feature
0 3

fl=??
fn=(93)
0 1

fl=??
fn=(135)
cfl=(42)
cfn=(58)
calls=1 200
0 1

fl=??
fn=(52)
0 1

fl=??
fn=(71)
cfl=??
cfn=(228)
calls=24 0
0 24

fl=??
fn=(135)
cfl=(42)
cfn=(58)
calls=1 218
0 1

fl=??
fn=(177)
cfl=??
cfn=(238) H5F__accum_write
calls=4691 0
0 4691

fl=??
fn=(115)
cfl=(60) H5Sall.c
cfn=(239) H5S__all_is_valid
calls=2 0
0 2

fl=??
fn=(240) H5C_protect
cfl=??
cfn=(78)
calls=1 0
0 1

fl=??
fn=(116)
cfl=??
cfn=(241) H5S_set_extent_simple
calls=16 0
0 16

fl=??
fn=(111)
cfl=??
cfn=(171)
calls=2 0
0 2

fl=??
fn=(154)
0 1

fl=??
fn=(74)
cfl=??
cfn=(242) H5S_select_shape_same
calls=4 0
0 4

fl=??
fn=(106)
cfl=(43)
cfn=(58)
calls=2 702
0 2

fl=??
fn=(191)
cfl=??
cfn=(212)
calls=44 0
0 44

fl=??
fn=(156)
cfl=??
cfn=(243) H5P__init_package
calls=6 0
0 6

fl=??
fn=(160)
cfl=??
cfn=(173)
calls=13 0
0 13

fl=??
fn=(157)
cfl=??
cfn=(78)
calls=2 0
0 2

fl=??
fn=(130)
cfl=(47)
cfn=(244) H5FD__mpio_write
calls=4677 0
0 4677

fl=??
fn=(245) H5P__add_prop
cfl=??
cfn=(204)
calls=1 0
0 1

fl=??
fn=(145)
cfl=??
cfn=(201)
calls=3 0
0 3

fl=??
fn=(151)
0 12

fl=??
fn=(100)
cfl=??
cfn=(231)
calls=2 0
0 2

fl=??
fn=(135)
cfl=(42)
cfn=(58)
calls=1 216
0 1

fl=??
fn=(111)
cfl=??
cfn=(78)
calls=1 0
0 1

fl=??
fn=(121)
cfl=(30)
cfn=(42)
calls=13 3049
0 13

fl=??
fn=(246) H5S_select_all
0 10

fl=??
fn=(111)
0 13

fl=??
fn=(247) H5AC__flush_entries
cfl=??
cfn=(248) H5AC__run_sync_point
calls=1 0
0 1

fl=??
fn=(106)
cfl=(43)
cfn=(58)
calls=1 101
0 1

fl=??
fn=(76)
cfl=??
cfn=(78)
calls=1 0
0 1

fl=??
fn=(249) H5CX_set_mpio_local_no_coll_cause
0 4

fl=??
fn=(220)
0 13

fl=??
fn=(139)
cfl=??
cfn=(250) H5CX_get_dxpl
calls=3 0
0 3

fl=??
fn=(105)
0 2

fl=??
fn=(83)
cfl=(10)
cfn=(11)
calls=1 126
0 1

fl=??
fn=(251) H5SL_try_free_safe
cfl=(51)
cfn=(252) H5I__clear_type_cb
calls=2 0
0 2

fl=??
fn=(250)
0 6

fl=??
fn=(181)
cfl=??
cfn=(213)
calls=4 0
0 4

fl=??
fn=(135)
cfl=(42)
cfn=(58)
calls=1 219
0 1

fl=??
fn=(141)
0 8

fl=??
fn=(253) create_dataset
cfl=??
cfn=(138)
calls=2 0
0 2

fl=??
fn=(254) H5S_extent_get_dims
0 4

fl=??
fn=(166)
cfl=??
cfn=(183)
calls=3 0
0 3

fl=??
fn=(238)
0 3

fl=??
fn=(86)
cfl=??
cfn=(125)
calls=1 0
0 1

fl=??
fn=(126)
cfl=??
cfn=(150)
calls=1 0
0 1

fl=??
fn=(87)
cfl=??
cfn=(255) H5S_select_release
calls=12 0
0 12

fl=??
fn=(256) H5T__init_package
cfl=(45)
cfn=(257) H5T__register_int
calls=5 0
0 5

fl=??
fn=(117)
cfl=??
cfn=(78)
calls=2 0
0 2

fl=??
fn=(100)
cfl=??
cfn=(76)
calls=44 0
0 44

fl=??
fn=(149)
cfl=??
cfn=(111)
calls=10 0
0 10

fl=??
fn=(258) H5I_dec_app_ref_always_close
cfl=??
cfn=(72)
calls=1 0
0 1

fl=??
fn=(241)
cfl=??
cfn=(90)
calls=5 0
0 5

fl=??
fn=(176)
0 5

fl=??
fn=(259) MPI_Get_elements_x
0 10

fl=??
fn=(226)
cfl=??
cfn=(187)
calls=2660 0
0 2660

fl=??
fn=(2)
cfl=??
cfn=(203)
calls=99 0
0 99

fl=??
fn=(114)
cfl=??
cfn=(260) H5CX_set_dxpl
calls=2 0
0 2

fl=??
fn=(76)
cfl=(60)
cfn=(261) H5S__all_project_simple
calls=4 0
0 4

fl=??
fn=(2)
cfl=??
cfn=(164)
calls=9 0
0 9

fl=??
fn=(82)
cfl=(61) H5.c
cfn=(262) H5_mpi_delete_cb
calls=4 0
0 4

fl=??
fn=(192)
cfl=??
cfn=(150)
calls=2 0
0 2

fl=??
fn=(2)
cfl=??
cfn=(101)
calls=5 0
0 5

fl=??
fn=(238)
cfl=??
cfn=(130)
calls=4688 0
0 4688

fl=??
fn=(100)
cfl=??
cfn=(263) H5D__contig_write
calls=4805 0
0 4805

fl=??
fn=(248)
0 1

fl=??
fn=(107)
cfl=(58)
cfn=(264) H5F__flush_phase2.part.2
calls=1 0
0 1

fl=??
fn=(265) H5I_remove
cfl=(51)
cfn=(266) H5I__remove_common
calls=1 0
0 1

fl=??
fn=(146)
cfl=??
cfn=(256)
calls=6 0
0 6

fl=??
fn=(135)
cfl=(42)
cfn=(58)
calls=1 209
0 1

fl=??
fn=(212)
cfl=??
cfn=(135)
calls=3 0
0 3

fl=??
fn=(267) H5T_patch_vlen_file
0 5

fl=??
fn=(268) H5D__create
cfl=(10)
cfn=(11)
calls=1 126
0 1

fl=??
fn=(241)
cfl=??
cfn=(117)
calls=1 0
0 1

fl=??
fn=(269) H5AC_flush
cfl=??
cfn=(247)
calls=1 0
0 1

fl=??
fn=(114)
cfl=??
cfn=(110)
calls=5131 0
0 5131

fl=??
fn=(270) H5G__stab_create
cfl=??
cfn=(83)
calls=2 0
0 2

fl=??
fn=(271) MPI_File_write_at_all_end
cfl=??
cfn=(183)
calls=5 0
0 5

fl=??
fn=(96)
0 1

fl=??
fn=(2)
cfl=??
cfn=(218)
calls=58 0
0 58

fl=??
fn=(272) PMPI_File_write_at
0 3

fl=??
fn=(111)
cfl=(62) H5VLint.c
cfn=(273) H5VL__free_vol_wrapper
calls=8 0
0 8

fl=??
fn=(92)
cfl=??
cfn=(274) H5VL__native_dataset_get
calls=90 0
0 90

fl=??
fn=(76)
cfl=??
cfn=(162)
calls=8 0
0 8

fl=??
fn=(212)
cfl=??
cfn=(217)
calls=17 0
0 17

fl=??
fn=(74)
cfl=(55)
cfn=(275) H5D__ioinfo_adjust.isra.3.part.4
calls=39 0
0 39

fl=??
fn=(134)
0 5

fl=??
fn=(68)
cfl=(32)
cfn=(46)
calls=1 78
0 1

fl=??
fn=(100)
cfl=??
cfn=(276) H5D__contig_is_space_alloc
calls=1 0
0 1

fl=??
fn=(233)
cfl=(58)
cfn=(277) H5F_try_close.localalias.10
calls=9 0
0 9

fl=??
fn=(171)
0 3

fl=??
fn=(111)
cfl=??
cfn=(89)
calls=7 0
0 7

fl=??
fn=(147)
0 5

fl=??
fn=(263)
cfl=??
cfn=(169)
calls=4805 0
0 4805

fl=??
fn=(66)
0 3

fl=??
fn=(71)
0 4

fl=??
fn=(100)
cfl=??
cfn=(75)
calls=7 0
0 7

fl=??
fn=(74)
cfl=??
cfn=(172)
calls=1 0
0 1

fl=??
fn=(198)
cfl=(47)
cfn=(278) H5FD__mpio_open
calls=5 0
0 5

fl=??
fn=(197)
cfl=??
cfn=(279) H5_build_extpath
calls=1 0
0 1

fl=??
fn=(2)
cfl=??
cfn=(280) H5Fcreate
calls=8 0
0 8

fl=??
fn=(281) H5VL_dataset_close
cfl=??
cfn=(282) H5VL__native_dataset_close
calls=1 0
0 1

fl=??
fn=(127)
cfl=??
cfn=(283) H5I_object
calls=1 0
0 1

fl=??
fn=(106)
cfl=(43)
cfn=(58)
calls=1 723
0 1

fl=??
fn=(191)
0 8

fl=??
fn=(284) H5SL_remove
cfl=??
cfn=(285) H5FL_fac_free
calls=3 0
0 3

fl=??
fn=(74)
cfl=??
cfn=(73)
calls=2 0
0 2

fl=??
fn=(216)
cfl=??
cfn=(197)
calls=8 0
0 8

fl=??
fn=(163)
cfl=??
cfn=(66)
calls=47 0
0 47

fl=??
fn=(286) H5P_copy_plist
cfl=(48)
cfn=(287) H5P__do_prop_cb1.part.10
calls=1 0
0 1

fl=??
fn=(121)
cfl=(32)
cfn=(46)
calls=1 78
0 1

fl=??
fn=(285)
0 3

fl=??
fn=(228)
cfl=??
cfn=(78)
calls=1 0
0 1

fl=??
fn=(194)
cfl=??
cfn=H5T
calls=1 0
0 1

fl=??
fn=(148)
0 13

fl=??
fn=(74)
cfl=??
cfn=(78)
calls=3 0
0 3

fl=??
fn=(288) H5S_select_iter_release
0 14

fl=??
fn=(100)
cfl=??
cfn=(289) H5T_is_vl_storage
calls=6 0
0 6

fl=??
fn=(74)
cfl=??
cfn=(237)
calls=3 0
0 3

fl=??
fn=(290) H5FL_seq_malloc
0 1

fl=??
fn=(227)
cfl=(37)
cfn=(51)
calls=4 134
0 4

fl=??
fn=(91)
cfl=??
cfn=(228)
calls=4 0
0 4

fl=??
fn=(116)
0 2

fl=??
fn=(218)
0 8

fl=??
fn=(291) H5open
0 1

fl=??
fn=(2)
cfl=??
cfn=(182)
calls=18 0
0 18

fl=??
fn=(64)
cfl=??
cfn=(228)
calls=5 0
0 5

fl=??
fn=(102)
cfl=??
cfn=(245)
calls=1 0
0 1

fl=??
fn=(74)
cfl=??
cfn=(178)
calls=1 0
0 1

fl=??
fn=(129)
0 2

fl=??
fn=(69)
cfl=??
cfn=(228)
calls=2 0
0 2

fl=??
fn=(218)
cfl=??
cfn=(227)
calls=40 0
0 40

fl=??
fn=(284)
0 31

fl=??
fn=(227)
0 2

fl=??
fn=(100)
cfl=??
cfn=(78)
calls=5 0
0 5

fl=??
fn=(197)
cfl=??
cfn=(159)
calls=1 0
0 1

fl=??
fn=(141)
cfl=(46)
cfn=(292) H5D__contig_readvv_cb
calls=2589 0
0 2589

fl=??
fn=(150)
cfl=(63) H5FL.c
cfn=(293) H5FL__malloc
calls=3 0
0 3

fl=??
fn=(135)
cfl=??
cfn=(150)
calls=8 0
0 8

fl=??
fn=(106)
cfl=(43)
cfn=(58)
calls=2 97
0 2

fl=??
fn=(283)
0 3

fl=??
fn=(294) H5FL_garbage_coll
cfl=(63)
cfn=(295) H5FL__reg_gc
calls=1 0
0 1

fl=??
fn=(2)
cfl=??
cfn=(71)
calls=100 0
0 100

fl=??
fn=(77)
cfl=??
cfn=(97)
calls=1 0
0 1

fl=??
fn=(296) MPI_File_set_size
cfl=??
cfn=(68)
calls=1 0
0 1

fl=??
fn=(56)
0 2

fl=??
fn=(297) H5P_term_package
cfl=??
cfn=(298) H5I_clear_type
calls=1 0
0 1

fl=??
fn=(87)
cfl=??
cfn=(117)
calls=17 0
0 17

fl=??
fn=(172)
0 32

fl=??
fn=(87)
0 1

fl=??
fn=(68)
cfl=(35)
cfn=(49)
calls=4 30
0 4

fl=??
fn=(76)
cfl=(41)
cfn=(58)
calls=1 304
0 1

fl=??
fn=(177)
cfl=??
cfn=(78)
calls=1 0
0 1

fl=??
fn=(77)
cfl=??
cfn=(228)
calls=5 0
0 5

fl=??
fn=(100)
cfl=??
cfn=(73)
calls=8 0
0 8

fl=??
fn=(78)
0 66

fl=??
fn=(100)
cfl=??
cfn=(299) H5CX_set_tag
calls=4 0
0 4

fl=??
fn=(300) H5T_top_term_package
cfl=??
cfn=(194)
calls=1 0
0 1

fl=??
fn=(301) H5L_link_object
cfl=(64) H5L.c
cfn=(302) H5L__create_real.part.0
calls=2 0
0 2

fl=??
fn=(276)
0 5

fl=??
fn=(86)
cfl=(51)
cfn=(266)
calls=38 0
0 38

fl=??
fn=(65)
cfl=??
cfn=(172)
calls=8 0
0 8

fl=??
fn=(72)
0 2

fl=??
fn=(91)
cfl=??
cfn=(78)
calls=1 0
0 1

fl=??
fn=(241)
0 7

fl=??
fn=(74)
cfl=??
cfn=(226)
calls=2664 0
0 2664

fl=??
fn=(68)
cfl=(36)
cfn=(50)
calls=2 30
0 2

fl=??
fn=(109)
cfl=??
cfn=(249)
calls=4 0
0 4

fl=??
fn=(121)
0 15

fl=??
fn=(91)
cfl=??
cfn=(94)
calls=6 0
0 6

fl=??
fn=(94)
0 36

fl=??
fn=(66)
cfl=(15)
cfn=(19)
calls=1 48
0 1

fl=??
fn=(71)
cfl=??
cfn=(97)
calls=6 0
0 6

fl=??
fn=(218)
cfl=??
cfn=(128)
calls=2 0
0 2

fl=??
fn=(162)
cfl=??
cfn=(254)
calls=4 0
0 4

fl=??
fn=(57)
0 1

fl=??
fn=(68)
cfl=(35)
cfn=(49)
calls=2513 29
0 2513

fl=??
fn=(149)
cfl=??
cfn=(186)
calls=2840 0
0 2840

fl=??
fn=(289)
0 3

fl=??
fn=(211)
cfl=(45)
cfn=(303) H5T__path_find_real
calls=26 0
0 26

fl=??
fn=(94)
cfl=??
cfn=(106)
calls=7 0
0 7

fl=??
fn=(130)
cfl=(47)
cfn=(193)
calls=5 0
0 5

fl=??
fn=(154)
cfl=(60)
cfn=(304) H5S__all_iter_get_seq_list
calls=3 0
0 3

fl=??
fn=(91)
0 9

fl=??
fn=(305) H5P__cmp_class
0 6

fl=??
fn=(206)
0 7

fl=??
fn=(2)
cfl=(28)
cfn=(38)
calls=2 75
0 2

fl=??
fn=(255)
0 5

fl=??
fn=(66)
cfl=(4)
cfn=(5)
calls=1 31
0 1

fl=??
fn=(306) H5G_mkroot
cfl=??
cfn=(307) H5G__obj_create
calls=2 0
0 2

fl=??
fn=(272)
cfl=??
cfn=(271)
calls=4650 0
0 4650

fl=??
fn=(2)
cfl=??
cfn=(291)
calls=1 0
0 1

fl=??
fn=(100)
cfl=(10)
cfn=(11)
calls=1 126
0 1

fl=??
fn=(308) MPI_Is_thread_main
cfl=??
cfn=(207)
calls=2 0
0 2

fl=??
fn=(230)
0 1

fl=??
fn=(114)
cfl=??
cfn=(228)
calls=2 0
0 2

fl=??
fn=(158)
cfl=??
cfn=(230)
calls=4 0
0 4

fl=??
fn=(309) H5P__register_real
cfl=(48)
cfn=(310) H5P__create_prop
calls=3 0
0 3

fl=??
fn=(181)
cfl=??
cfn=(135)
calls=6 0
0 6

fl=??
fn=(79)
0 4

fl=??
fn=(311) H5T_get_size
0 2

fl=??
fn=(219)
0 8

fl=??
fn=(203)
cfl=??
cfn=(69)
calls=61 0
0 61

fl=??
fn=(2)
cfl=??
cfn=(312) H5Dclose
calls=1 0
0 1

fl=??
fn=(313) H5F_mpi_get_comm
cfl=??
cfn=(143)
calls=8 0
0 8

fl=??
fn=(255)
cfl=(65) H5Snone.c
cfn=(314) H5S__none_release
calls=1 0
0 1

fl=??
fn=(256)
cfl=??
cfn=(192)
calls=1 0
0 1

fl=??
fn=(137)
0 1

fl=??
fn=(2)
cfl=(10)
cfn=(11)
calls=1 126
0 1

fl=??
fn=(82)
cfl=??
cfn=(82)
calls=8 0
0 8

fl=??
fn=(100)
cfl=(55)
cfn=(275)
calls=47 0
0 47

fl=??
fn=(102)
cfl=(41)
cfn=(58)
calls=1 226
0 1

fl=??
fn=(79)
cfl=??
cfn=(185)
calls=4 0
0 4

fl=??
fn=(315) H5AC_protect
cfl=??
cfn=(240)
calls=1 0
0 1

fl=??
fn=(316) H5CX_get_vec_size
cfl=??
cfn=(151)
calls=31 0
0 31

fl=??
fn=(106)
cfl=(43)
cfn=(58)
calls=3 737
0 3

fl=??
fn=(2)
cfl=??
cfn=(167)
calls=11 0
0 11

fl=??
fn=(279)
cfl=(14)
cfn=(18)
calls=1 78
0 1

fl=??
fn=(202)
cfl=??
cfn=(192)
calls=1 0
0 1

fl=??
fn=(116)
cfl=??
cfn=(78)
calls=1 0
0 1

fl=??
fn=(317) H5T__conv_long_float
cfl=??
cfn=(283)
calls=2 0
0 2

fl=??
fn=(241)
cfl=(41)
cfn=(58)
calls=1 239
0 1

fl=??
fn=(235)
0 4

fl=??
fn=(166)
0 11

fl=??
fn=(183)
0 16

fl=??
fn=(66)
cfl=(2)
cfn=(3)
calls=1 34
0 1

fl=??
fn=(298)
cfl=??
cfn=(251)
calls=2 0
0 2

fl=??
fn=(318) H5D__create_named
cfl=??
cfn=(301)
calls=2 0
0 2

fl=??
fn=(271)
cfl=??
cfn=(121)
calls=1 0
0 1

fl=??
fn=(319) MPI_File_open
cfl=??
cfn=(68)
calls=4 0
0 4

fl=??
fn=(124)
cfl=(41)
cfn=(58)
calls=1 234
0 1

fl=??
fn=(307)
cfl=??
cfn=(320) H5G__obj_create_real
calls=2 0
0 2

fl=??
fn=(74)
cfl=??
cfn=(76)
calls=38 0
0 38

fl=??
fn=(107)
cfl=??
cfn=(222)
calls=3 0
0 3

fl=??
fn=(74)
cfl=??
cfn=(276)
calls=4 0
0 4

fl=??
fn=(192)
cfl=??
cfn=(204)
calls=25 0
0 25

fl=??
fn=(55)
0 5

fl=??
fn=(84)
cfl=??
cfn=(315)
calls=1 0
0 1

fl=??
fn=(125)
cfl=??
cfn=(204)
calls=1 0
0 1

fl=??
fn=(260)
0 2

fl=??
fn=(192)
0 10

fl=??
fn=(77)
cfl=??
cfn=(94)
calls=4 0
0 4

fl=??
fn=(63)
cfl=??
cfn=(308)
calls=2 0
0 2

fl=??
fn=(204)
0 1

fl=??
fn=(299)
0 7

fl=??
fn=(185)
cfl=??
cfn=(185)
calls=4 0
0 4

fl=??
fn=(2)
cfl=??
cfn=(114)
calls=5220 0
0 5220

fl=??
fn=(186)
cfl=??
cfn=(115)
calls=11 0
0 11

fl=??
fn=(320)
cfl=??
cfn=(270)
calls=2 0
0 2

fl=??
fn=(135)
cfl=(42)
cfn=(58)
calls=1 201
0 1

fl=??
fn=(2)
cfl=??
cfn=(253)
calls=2 0
0 2

fl=??
fn=(92)
0 3

fl=??
fn=(313)
0 8

fl=??
fn=(113)
cfl=(41)
cfn=(58)
calls=1 277
0 1

fl=??
fn=(106)
cfl=(43)
cfn=(58)
calls=2 103
0 2

fl=??
fn=(316)
0 7

fl=??
fn=(321) H5VL__native_file_open
cfl=??
cfn=(197)
calls=11 0
0 11

fl=??
fn=(68)
cfl=(15)
cfn=(19)
calls=1 48
0 1

fl=??
fn=(202)
cfl=(40)
cfn=(60)
calls=2 33
0 2

fl=??
fn=(274)
0 4

fl=??
fn=(65)
cfl=(66) H5CX.c
cfn=(322) H5CX__pop_common
calls=128 0
0 128

fl=??
fn=(241)
cfl=??
cfn=(246)
calls=2 0
0 2

fl=??
fn=(148)
cfl=??
cfn=(151)
calls=25 0
0 25

fl=??
fn=(121)
cfl=(12)
cfn=(16)
calls=2 27
0 2

fl=??
fn=(280)
cfl=??
cfn=(215)
calls=8 0
0 8

fl=??
fn=(2)
0 6

fl=??
fn=(102)
cfl=??
cfn=(78)
calls=1 0
0 1

fl=??
fn=(106)
cfl=(43)
cfn=(58)
calls=23 102
0 23

fl=??
fn=(255)
cfl=(44)
cfn=(323) H5S__hyper_release
calls=8 0
0 8

fl=??
fn=(324) H5E_term_package
cfl=??
cfn=(298)
calls=1 0
0 1

fl=??
fn=(102)
cfl=??
cfn=(106)
calls=99 0
0 99

fl=??
fn=(242)
0 4

fl=??
fn=(255)
cfl=(60)
cfn=(325) H5S__all_release
calls=1 0
0 1

fl=??
fn=(114)
cfl=??
cfn=(93)
calls=11 0
0 11

fl=??
fn=(66)
cfl=(17)
cfn=(21)
calls=16 26
0 16

fl=??
fn=(124)
0 7

fl=??
fn=(243)
cfl=(67) H5Pdapl.c
cfn=(326) H5P__dacc_reg_prop
calls=3 0
0 3

fl=??
fn=(132)
cfl=??
cfn=(318)
calls=2 0
0 2

fl=??
fn=(181)
0 4

fl=??
fn=(231)
0 4

fl=??
fn=(69)
0 10

fl=??
fn=(100)
cfl=(55)
cfn=(209)
calls=79 0
0 79

fl=??
fn=(66)
cfl=(20)
cfn=(24)
calls=1 43
0 1

fl=??
fn=(2)
cfl=(32)
cfn=(46)
calls=2 78
0 2

fl=??
fn=(289)
cfl=(45)
cfn=(327) H5T_detect_class.localalias.12
calls=3 0
0 3

fl=??
fn=(106)
cfl=(43)
cfn=(58)
calls=3 105
0 3

fl=??
fn=(2)
cfl=(39)
cfn=(59)
calls=1 33
0 1

fl=??
fn=(242)
cfl=(44)
cfn=(328) H5S__hyper_bounds
calls=3 0
0 3

fl=??
fn=(74)
cfl=??
cfn=(135)
calls=6 0
0 6

fl=??
fn=(160)
0 4

fl=??
fn=(309)
cfl=(10)
cfn=(11)
calls=3 126
0 3

fl=??
fn=(329) H5I_iterate
cfl=??
cfn=(188)
calls=1 0
0 1

fl=??
fn=(312)
cfl=??
cfn=(258)
calls=1 0
0 1

fl=??
fn=(123)
cfl=??
cfn=(140)
calls=4 0
0 4

fl=??
fn=(68)
0 22

fl=??
fn=(89)
0 9

fl=??
fn=(330) H5O_obj_create
cfl=(68) H5Doh.c
cfn=(331) H5O__dset_create
calls=1 0
0 1

fl=??
fn=(154)
cfl=(44)
cfn=(332) H5S__hyper_iter_get_seq_list
calls=4 0
0 4

fl=??
fn=(135)
cfl=(42)
cfn=(58)
calls=1 168
0 1

fl=??
fn=(333) H5FL_fac_malloc
0 3

fl=??
fn=(2)
cfl=??
cfn=(91)
calls=136 0
0 136

fl=??
fn=(110)
cfl=??
cfn=(99)
calls=5110 0
0 5110

fl=??
fn=(145)
cfl=??
cfn=(214)
calls=3 0
0 3

fl=??
fn=(243)
cfl=(69) H5Pocpl.c
cfn=(334) H5P__ocrt_reg_prop
calls=3 0
0 3

fl=??
fn=(197)
cfl=??
cfn=(306)
calls=2 0
0 2

fl=??
fn=(109)
cfl=??
cfn=(335) H5S_get_simple_extent_type
calls=5 0
0 5

fl=??
fn=(181)
cfl=??
cfn=(246)
calls=8 0
0 8

fl=??
fn=(53)
0 6

fl=??
fn=(336) H5AC_create
cfl=??
cfn=(195)
calls=8 0
0 8

fl=??
fn=(163)
0 1

fl=??
fn=(136)
cfl=??
cfn=(136)
calls=4 0
0 4

fl=??
fn=(259)
cfl=??
cfn=(206)
calls=7 0
0 7

fl=??
fn=(115)
cfl=??
cfn=(94)
calls=16 0
0 16

fl=??
fn=(227)
cfl=(37)
cfn=(51)
calls=32 115
0 32

fl=??
fn=(112)
0 4

fl=??
fn=(337) H5T_get_class
0 5

fl=??
fn=(66)
cfl=(16)
cfn=(20)
calls=13 45
0 13

fl=??
fn=(130)
cfl=??
cfn=(250)
calls=3 0
0 3

fl=??
fn=(271)
0 13

fl=??
fn=(68)
cfl=(12)
cfn=(16)
calls=2 27
0 2

fl=??
fn=(113)
0 7

fl=??
fn=(74)
cfl=??
cfn=(299)
calls=3 0
0 3

fl=??
fn=(71)
cfl=??
cfn=(65)
calls=1 0
0 1

fl=??
fn=(77)
cfl=??
cfn=(229)
calls=4 0
0 4

fl=??
fn=(77)
cfl=??
cfn=(65)
calls=3 0
0 3

fl=??
fn=(242)
cfl=(60)
cfn=(338) H5S__all_bounds
calls=4 0
0 4

fl=??
fn=(86)
0 5

fl=??
fn=(274)
cfl=??
cfn=(191)
calls=86 0
0 86

fl=??
fn=(282)
cfl=(59)
cfn=(339) H5D_close.localalias.14
calls=1 0
0 1

fl=??
fn=(335)
0 5

fl=??
fn=(163)
cfl=??
cfn=(121)
calls=29 0
0 29

fl=??
fn=(74)
0 3

fl=??
fn=(236)
cfl=??
cfn=(305)
calls=6 0
0 6

fl=??
fn=(66)
cfl=(25)
cfn=(35)
calls=3 53
0 3

fl=??
fn=(242)
cfl=(60)
cfn=(340) H5S__all_is_single
calls=1 0
0 1

fl=??
fn=(341) H5FL_term_package
cfl=??
cfn=(294)
calls=1 0
0 1

fl=??
fn=(100)
cfl=??
cfn=(242)
calls=8 0
0 8

fl=??
fn=(93)
cfl=??
cfn=(78)
calls=2 0
0 2

fl=??
fn=(150)
0 14

fl=??
fn=(342) MPI_File_read_at
cfl=??
cfn=(166)
calls=2557 0
0 2557

fl=??
fn=(100)
0 25

fl=??
fn=(87)
cfl=??
cfn=(78)
calls=3 0
0 3

fl=??
fn=(139)
cfl=(47)
cfn=(343) H5FD__mpio_read
calls=2568 0
0 2568

fl=??
fn=(212)
cfl=??
cfn=(153)
calls=19 0
0 19

fl=??
fn=(135)
cfl=(42)
cfn=(58)
calls=2 217
0 2

fl=??
fn=(187)
0 1

fl=??
fn=(68)
cfl=??
cfn=(79)
calls=3 0
0 3

fl=??
fn=(100)
cfl=??
cfn=(87)
calls=22 0
0 22

fl=??
fn=(212)
cfl=??
cfn=(78)
calls=3 0
0 3

fl=??
fn=(100)
cfl=??
cfn=(85)
calls=1 0
0 1

fl=??
fn=(135)
cfl=(42)
cfn=(58)
calls=3 199
0 3

fl=??
fn=(228)
cfl=??
cfn=(135)
calls=22 0
0 22

fl=??
fn=(203)
cfl=??
cfn=(77)
calls=25 0
0 25

fl=??
fn=(2)
cfl=??
cfn=(78)
calls=1 0
0 1

fl=??
fn=(102)
cfl=??
cfn=(134)
calls=3 0
0 3

fl=??
fn=(168)
cfl=??
cfn=(321)
calls=11 0
0 11

fl=??
fn=(110)
cfl=??
cfn=(88)
calls=2 0
0 2

fl=??
fn=(74)
cfl=??
cfn=(87)
calls=5 0
0 5

fl=??
fn=(115)
cfl=(44)
cfn=(344) H5S__hyper_is_valid
calls=8 0
0 8

fl=??
fn=(71)
cfl=??
cfn=(94)
calls=9 0
0 9

fl=??
fn=(127)
cfl=??
cfn=(157)
calls=72 0
0 72

fl=??
fn=(271)
cfl=??
cfn=(68)
calls=4631 0
0 4631

fl=(61)
fn=(345) H5_term_library.part.0
cfl=??
cfn=(341)
calls=1 0
0 1

fl=(61)
fn=(345)
cfl=??
cfn=(297)
calls=1 0
0 1

fl=(61)
fn=(345)
cfl=??
cfn=(324)
calls=1 0
0 1

fl=(61)
fn=(345)
cfl=??
cfn=(300)
calls=1 0
0 1

fl=(61)
fn=(262)
cfl=(61)
cfn=(345)
calls=4 0
0 4

fl=(66)
fn=(322)
0 11

fl=(66)
fn=(322)
cfl=??
cfn=(102)
calls=117 0
0 117

fl=(46)
fn=(346) H5D__contig_writevv
cfl=??
cfn=(141)
calls=4708 0
0 4708

fl=(46)
fn=(292)
cfl=??
cfn=(165)
calls=2584 0
0 2584

fl=(46)
fn=(347) H5D__contig_readvv
cfl=??
cfn=(224)
calls=1 0
0 1

fl=(46)
fn=(346)
0 4

fl=(46)
fn=(347)
cfl=??
cfn=(141)
calls=2592 0
0 2592

fl=(46)
fn=(142)
0 2

fl=(46)
fn=(292)
0 4

fl=(46)
fn=(292)
cfl=(10)
cfn=(11)
calls=1 126
0 1

fl=(46)
fn=(142)
cfl=??
cfn=(176)
calls=4701 0
0 4701

fl=(59)
fn=(339)
cfl=??
cfn=(86)
calls=1 0
0 1

fl=(59)
fn=(234)
cfl=??
cfn=(281)
calls=1 0
0 1

fl=(55)
fn=(209)
cfl=??
cfn=(180)
calls=1 0
0 1

fl=(55)
fn=(209)
0 8

fl=(55)
fn=(209)
cfl=??
cfn=(211)
calls=27 0
0 27

fl=(55)
fn=(275)
cfl=??
cfn=(109)
calls=30 0
0 30

fl=(55)
fn=(275)
0 4

fl=(55)
fn=(209)
cfl=??
cfn=(311)
calls=2 0
0 2

fl=(55)
fn=(209)
cfl=??
cfn=(127)
calls=77 0
0 77

fl=(55)
fn=(209)
cfl=??
cfn=(208)
calls=2 0
0 2

fl=(55)
fn=(275)
cfl=??
cfn=(313)
calls=16 0
0 16

fl=(55)
fn=(209)
cfl=??
cfn=(78)
calls=2 0
0 2

fl=(55)
fn=(209)
cfl=??
cfn=(267)
calls=5 0
0 5

fl=(55)
fn=(275)
cfl=??
cfn=(78)
calls=2 0
0 2

fl=(55)
fn=(209)
cfl=??
cfn=(94)
calls=3 0
0 3

fl=(55)
fn=(275)
cfl=??
cfn=(148)
calls=34 0
0 34

fl=(68)
fn=(331)
cfl=??
cfn=(268)
calls=1 0
0 1

fl=(49)
fn=(170)
cfl=(46)
cfn=(346)
calls=4712 0
0 4712

fl=(49)
fn=(170)
cfl=??
cfn=(154)
calls=23 0
0 23

fl=(49)
fn=(170)
cfl=??
cfn=(160)
calls=18 0
0 18

fl=(49)
fn=(170)
cfl=(46)
cfn=(347)
calls=2593 0
0 2593

fl=(49)
fn=(170)
cfl=(44)
cfn=(348) H5S__hyper_iter_init
calls=15 0
0 15

fl=(49)
fn=(170)
0 14

fl=(49)
fn=(170)
cfl=??
cfn=(172)
calls=8 0
0 8

fl=(49)
fn=(170)
cfl=(60)
cfn=(349) H5S__all_iter_init
calls=1 0
0 1

fl=(49)
fn=(170)
cfl=??
cfn=(290)
calls=1 0
0 1

fl=(49)
fn=(170)
cfl=??
cfn=(124)
calls=10 0
0 10

fl=(49)
fn=(170)
cfl=(44)
cfn=(350) H5S__hyper_iter_release
calls=1 0
0 1

fl=(49)
fn=(170)
cfl=(60)
cfn=(351) H5S__all_iter_release
calls=1 0
0 1

fl=(49)
fn=(170)
cfl=??
cfn=(150)
calls=1 0
0 1

fl=(49)
fn=(170)
cfl=??
cfn=(78)
calls=8 0
0 8

fl=(49)
fn=(170)
cfl=??
cfn=(210)
calls=5 0
0 5

fl=(49)
fn=(170)
cfl=??
cfn=(316)
calls=38 0
0 38

fl=(49)
fn=(170)
cfl=??
cfn=(288)
calls=14 0
0 14

fl=(70) H5E.c
fn=(352) H5E__unregister_class
cfl=??
cfn=(329)
calls=1 0
0 1

fl=(70)
fn=(353) H5E__close_msg_cb
cfl=??
cfn=(265)
calls=1 0
0 1

fl=(57)
fn=(225)
cfl=??
cfn=(80)
calls=9 0
0 9

fl=(47)
fn=(193)
0 7

fl=(47)
fn=(199)
cfl=??
cfn=(67)
calls=5 0
0 5

fl=(47)
fn=(278)
cfl=??
cfn=(296)
calls=1 0
0 1

fl=(47)
fn=(244)
cfl=??
cfn=(259)
calls=11 0
0 11

fl=(47)
fn=(244)
cfl=??
cfn=(78)
calls=2 0
0 2

fl=(47)
fn=(278)
cfl=??
cfn=(319)
calls=4 0
0 4

fl=(47)
fn=(343)
cfl=??
cfn=(183)
calls=3 0
0 3

fl=(47)
fn=(343)
0 2

fl=(47)
fn=(244)
0 8

fl=(47)
fn=(343)
cfl=??
cfn=(259)
calls=6 0
0 6

fl=(47)
fn=(244)
cfl=??
cfn=(183)
calls=3 0
0 3

fl=(47)
fn=(244)
cfl=??
cfn=(272)
calls=4653 0
0 4653

fl=(47)
fn=(343)
cfl=??
cfn=(342)
calls=2557 0
0 2557

fl=(47)
fn=(144)
0 5

fl=(53)
fn=(200)
cfl=(15)
cfn=(19)
calls=1 48
0 1

fl=(63)
fn=(293)
cfl=(30)
cfn=(42)
calls=3 3049
0 3

fl=(63)
fn=(295)
cfl=(30)
cfn=(44)
calls=1 4325
0 1

fl=(58)
fn=(232)
cfl=??
cfn=(286)
calls=1 0
0 1

fl=(58)
fn=(264)
cfl=??
cfn=(269)
calls=1 0
0 1

fl=(58)
fn=(277)
cfl=??
cfn=(107)
calls=9 0
0 9

fl=(58)
fn=(232)
cfl=??
cfn=(336)
calls=8 0
0 8

fl=(50)
fn=(175)
cfl=(10)
cfn=(11)
calls=1 136
0 1

fl=(50)
fn=(175)
cfl=(64)
cfn=(354) H5L__link_cb
calls=1 0
0 1

fl=(51)
fn=(252)
cfl=(70)
cfn=(352)
calls=1 0
0 1

fl=(51)
fn=(189)
cfl=(70)
cfn=(353)
calls=1 0
0 1

fl=(51)
fn=(266)
cfl=??
cfn=(284)
calls=34 0
0 34

fl=(51)
fn=(266)
cfl=??
cfn=(172)
calls=5 0
0 5

fl=(51)
fn=(252)
cfl=??
cfn=(125)
calls=1 0
0 1

fl=(64)
fn=(302)
cfl=??
cfn=(174)
calls=2 0
0 2

fl=(64)
fn=(354)
cfl=??
cfn=(330)
calls=1 0
0 1

fl=(56)
fn=(223)
cfl=??
cfn=(103)
calls=3 0
0 3

fl=(67)
fn=(326)
cfl=??
cfn=(309)
calls=3 0
0 3

fl=(52)
fn=(190)
cfl=??
cfn=(122)
calls=4 0
0 4

fl=(48)
fn=(310)
cfl=??
cfn=(150)
calls=3 0
0 3

fl=(48)
fn=(152)
cfl=(41)
cfn=(58)
calls=1 320
0 1

fl=(48)
fn=(152)
0 4

fl=(48)
fn=(287)
cfl=??
cfn=(196)
calls=1 0
0 1

fl=(69)
fn=(334)
cfl=??
cfn=(309)
calls=3 0
0 3

fl=(54)
fn=(355) H5SL_new_node
cfl=??
cfn=(333)
calls=3 0
0 3

fl=(54)
fn=(355)
cfl=??
cfn=(150)
calls=1 0
0 1

fl=(54)
fn=(205)
cfl=(54)
cfn=(355)
calls=10 0
0 10

fl=(54)
fn=(355)
0 6

fl=(54)
fn=(205)
0 16

fl=(60)
fn=(239)
0 2

fl=(60)
fn=(351)
0 1

fl=(60)
fn=(261)
cfl=??
cfn=(78)
calls=1 0
0 1

fl=(60)
fn=(338)
0 4

fl=(60)
fn=(340)
0 1

fl=(60)
fn=(349)
0 1

fl=(60)
fn=(304)
0 3

fl=(60)
fn=(325)
0 1

fl=(60)
fn=(261)
0 3

fl=(44)
fn=(350)
0 1

fl=(44)
fn=(344)
0 8

fl=(44)
fn=(328)
0 2

fl=(44)
fn=(356) H5S__set_regular_hyperslab
cfl=??
cfn=(255)
calls=3 0
0 3

fl=(44)
fn=(356)
0 15

fl=(44)
fn=(155)
0 15

fl=(44)
fn=(332)
0 4

fl=(44)
fn=(70)
cfl=(44)
cfn=(356)
calls=18 0
0 18

fl=(44)
fn=(323)
0 8

fl=(44)
fn=(328)
cfl=(41)
cfn=(58)
calls=1 241
0 1

fl=(44)
fn=(348)
0 15

fl=(44)
fn=(70)
0 28

fl=(65)
fn=(314)
0 1

fl=(45)
fn=(357) H5T__register
cfl=(45)
cfn=(303)
calls=5 0
0 5

fl=(45)
fn=(257)
cfl=(45)
cfn=(357)
calls=5 0
0 5

fl=(45)
fn=(303)
cfl=(45)
cfn=(358) H5T_cmp.localalias.11
calls=6 0
0 6

fl=(45)
fn=(133)
cfl=??
cfn=(221)
calls=1 0
0 1

fl=(45)
fn=(303)
cfl=??
cfn=(192)
calls=1 0
0 1

fl=(45)
fn=(327)
0 3

fl=(45)
fn=(303)
cfl=??
cfn=(317)
calls=2 0
0 2

fl=(45)
fn=(303)
cfl=??
cfn=(86)
calls=1 0
0 1

fl=(45)
fn=(303)
cfl=??
cfn=(337)
calls=5 0
0 5

fl=(45)
fn=(358)
0 6

fl=(45)
fn=(303)
0 16

fl=(62)
fn=(273)
0 5

fl=(62)
fn=(273)
cfl=??
cfn=(172)
calls=3 0
0 3

